<?xml version="1.0" encoding="UTF-8"?>
<!-- Generated by org.testng.reporters.JUnitXMLReporter -->
<testsuite ignored="0" hostname="Neetha" failures="0" tests="3" name="Default test" time="83.313" errors="0" timestamp="2024-10-24T19:15:11 IST">
  <testcase classname="Testclasses.TestingAllTCS" name="TC1" time="39.705"/>
  <testcase classname="Testclasses.TestingAllTCS" name="TC2" time="0.001"/>
  <testcase classname="Testclasses.TestingAllTCS" name="TC3" time="0.002"/>
</testsuite> <!-- Default test -->
