<?xml version="1.0" encoding="UTF-8"?>
<testng-results ignored="0" total="3" passed="3" failed="0" skipped="0">
  <reporter-output>
  </reporter-output>
  <suite started-at="2024-10-24T19:18:25 IST" name="Suite" finished-at="2024-10-24T19:19:09 IST" duration-ms="43583">
    <groups>
    </groups>
    <test started-at="2024-10-24T19:18:25 IST" name="Test" finished-at="2024-10-24T19:19:09 IST" duration-ms="43583">
      <class name="Testclasses.TestingAllTCS">
        <test-method is-config="true" signature="bsconfig()[pri:0, instance:Testclasses.TestingAllTCS@6c1a5b54]" started-at="2024-10-24T19:18:25 IST" name="bsconfig" finished-at="2024-10-24T19:18:25 IST" duration-ms="7" status="PASS">
          <reporter-output>
          </reporter-output>
        </test-method> <!-- bsconfig -->
        <test-method is-config="true" signature="bcconfig()[pri:0, instance:Testclasses.TestingAllTCS@6c1a5b54]" started-at="2024-10-24T19:18:25 IST" name="bcconfig" finished-at="2024-10-24T19:18:28 IST" duration-ms="3155" status="PASS">
          <reporter-output>
          </reporter-output>
        </test-method> <!-- bcconfig -->
        <test-method is-config="true" signature="bmconfig()[pri:0, instance:Testclasses.TestingAllTCS@6c1a5b54]" started-at="2024-10-24T19:18:28 IST" name="bmconfig" finished-at="2024-10-24T19:18:32 IST" duration-ms="3321" status="PASS">
          <reporter-output>
          </reporter-output>
        </test-method> <!-- bmconfig -->
        <test-method signature="TC1()[pri:0, instance:Testclasses.TestingAllTCS@6c1a5b54]" started-at="2024-10-24T19:18:32 IST" name="TC1" finished-at="2024-10-24T19:18:50 IST" duration-ms="18194" status="PASS">
          <reporter-output>
          </reporter-output>
        </test-method> <!-- TC1 -->
        <test-method is-config="true" signature="amconfig()[pri:0, instance:Testclasses.TestingAllTCS@6c1a5b54]" started-at="2024-10-24T19:18:50 IST" name="amconfig" finished-at="2024-10-24T19:18:52 IST" duration-ms="1915" status="PASS">
          <reporter-output>
          </reporter-output>
        </test-method> <!-- amconfig -->
        <test-method is-config="true" signature="bmconfig()[pri:0, instance:Testclasses.TestingAllTCS@6c1a5b54]" started-at="2024-10-24T19:18:52 IST" name="bmconfig" finished-at="2024-10-24T19:18:55 IST" duration-ms="3601" status="PASS">
          <reporter-output>
          </reporter-output>
        </test-method> <!-- bmconfig -->
        <test-method signature="TC2()[pri:0, instance:Testclasses.TestingAllTCS@6c1a5b54]" started-at="2024-10-24T19:18:55 IST" name="TC2" finished-at="2024-10-24T19:18:55 IST" duration-ms="2" status="PASS">
          <reporter-output>
          </reporter-output>
        </test-method> <!-- TC2 -->
        <test-method is-config="true" signature="amconfig()[pri:0, instance:Testclasses.TestingAllTCS@6c1a5b54]" started-at="2024-10-24T19:18:55 IST" name="amconfig" finished-at="2024-10-24T19:19:00 IST" duration-ms="4447" status="PASS">
          <reporter-output>
          </reporter-output>
        </test-method> <!-- amconfig -->
        <test-method is-config="true" signature="bmconfig()[pri:0, instance:Testclasses.TestingAllTCS@6c1a5b54]" started-at="2024-10-24T19:19:00 IST" name="bmconfig" finished-at="2024-10-24T19:19:04 IST" duration-ms="3906" status="PASS">
          <reporter-output>
          </reporter-output>
        </test-method> <!-- bmconfig -->
        <test-method signature="TC3()[pri:0, instance:Testclasses.TestingAllTCS@6c1a5b54]" started-at="2024-10-24T19:19:04 IST" name="TC3" finished-at="2024-10-24T19:19:04 IST" duration-ms="3" status="PASS">
          <reporter-output>
          </reporter-output>
        </test-method> <!-- TC3 -->
        <test-method is-config="true" signature="amconfig()[pri:0, instance:Testclasses.TestingAllTCS@6c1a5b54]" started-at="2024-10-24T19:19:04 IST" name="amconfig" finished-at="2024-10-24T19:19:08 IST" duration-ms="4734" status="PASS">
          <reporter-output>
          </reporter-output>
        </test-method> <!-- amconfig -->
        <test-method is-config="true" signature="acconfig()[pri:0, instance:Testclasses.TestingAllTCS@6c1a5b54]" started-at="2024-10-24T19:19:08 IST" name="acconfig" finished-at="2024-10-24T19:19:09 IST" duration-ms="268" status="PASS">
          <reporter-output>
          </reporter-output>
        </test-method> <!-- acconfig -->
        <test-method is-config="true" signature="asconfig()[pri:0, instance:Testclasses.TestingAllTCS@6c1a5b54]" started-at="2024-10-24T19:19:09 IST" name="asconfig" finished-at="2024-10-24T19:19:09 IST" duration-ms="1" status="PASS">
          <reporter-output>
          </reporter-output>
        </test-method> <!-- asconfig -->
      </class> <!-- Testclasses.TestingAllTCS -->
    </test> <!-- Test -->
  </suite> <!-- Suite -->
</testng-results>
